c:\users\k024g\onedrive\デスクトップ\二年授業\後期\cg3\project\..generated\outputs\debug\imgui_widgets.obj
c:\users\k024g\onedrive\デスクトップ\二年授業\後期\cg3\project\..generated\outputs\debug\imgui_demo.obj
c:\users\k024g\onedrive\デスクトップ\二年授業\後期\cg3\project\..generated\outputs\debug\matrix4x4.obj
c:\users\k024g\onedrive\デスクトップ\二年授業\後期\cg3\project\..generated\outputs\debug\imgui.obj
c:\users\k024g\onedrive\デスクトップ\二年授業\後期\cg3\project\..generated\outputs\debug\imgui_impl_win32.obj
c:\users\k024g\onedrive\デスクトップ\二年授業\後期\cg3\project\..generated\outputs\debug\imgui_tables.obj
c:\users\k024g\onedrive\デスクトップ\二年授業\後期\cg3\project\..generated\outputs\debug\imgui_draw.obj
c:\users\k024g\onedrive\デスクトップ\二年授業\後期\cg3\project\..generated\outputs\debug\imgui_impl_dx12.obj
c:\users\k024g\onedrive\デスクトップ\二年授業\後期\cg3\project\..generated\outputs\debug\main.obj
c:\users\k024g\onedrive\デスクトップ\二年授業\後期\cg3\project\..generated\outputs\debug\vc143.pdb
c:\users\k024g\onedrive\デスクトップ\二年授業\後期\cg3\generated\obj\cg2_2025_04_14\debug\cg2_2025_04_14.exe
c:\users\k024g\onedrive\デスクトップ\二年授業\後期\cg3\generated\obj\cg2_2025_04_14\debug\cg2_2025_04_14.pdb
c:\users\k024g\onedrive\デスクトップ\二年授業\後期\cg3\project\..generated\outputs\debug\cg2_2025_04_14.ilk
c:\users\k024g\onedrive\デスクトップ\二年授業\後期\cg3\project\..generated\outputs\debug\vc143.idb
c:\users\k024g\onedrive\デスクトップ\二年授業\後期\cg3\project\..\generated\obj\cg2_2025_04_14\debug\cg2_2025_04_14.pdb
c:\users\k024g\onedrive\デスクトップ\二年授業\後期\cg3\project\..generated\outputs\debug\cg2_2025_04_14.vcxproj.filelistabsolute.txt
c:\users\k024g\onedrive\デスクトップ\二年授業\後期\cg3\project\..generated\outputs\debug\cg2_2025_04_14.tlog\cl.13024.write.1.tlog
c:\users\k024g\onedrive\デスクトップ\二年授業\後期\cg3\project\..generated\outputs\debug\cg2_2025_04_14.tlog\cl.command.1.tlog
c:\users\k024g\onedrive\デスクトップ\二年授業\後期\cg3\project\..generated\outputs\debug\cg2_2025_04_14.tlog\cl.items.tlog
c:\users\k024g\onedrive\デスクトップ\二年授業\後期\cg3\project\..generated\outputs\debug\cg2_2025_04_14.tlog\cl.read.1.tlog
c:\users\k024g\onedrive\デスクトップ\二年授業\後期\cg3\project\..generated\outputs\debug\cg2_2025_04_14.tlog\link.command.1.tlog
c:\users\k024g\onedrive\デスクトップ\二年授業\後期\cg3\project\..generated\outputs\debug\cg2_2025_04_14.tlog\link.read.1.tlog
c:\users\k024g\onedrive\デスクトップ\二年授業\後期\cg3\project\..generated\outputs\debug\cg2_2025_04_14.tlog\link.secondary.1.tlog
c:\users\k024g\onedrive\デスクトップ\二年授業\後期\cg3\project\..generated\outputs\debug\cg2_2025_04_14.tlog\link.write.1.tlog
